
> frontend@1.0.0 start
> react-scripts start

(node:98555) [DEP0176] DeprecationWarning: fs.F_OK is deprecated, use fs.constants.F_OK instead
(Use `node --trace-deprecation ...` to show where the warning was created)
(node:98555) [DEP_WEBPACK_DEV_SERVER_ON_AFTER_SETUP_MIDDLEWARE] DeprecationWarning: 'onAfterSetupMiddleware' option is deprecated. Please use the 'setupMiddlewares' option.
(node:98555) [DEP_WEBPACK_DEV_SERVER_ON_BEFORE_SETUP_MIDDLEWARE] DeprecationWarning: 'onBeforeSetupMiddleware' option is deprecated. Please use the 'setupMiddlewares' option.
Starting the development server...

Compiled with warnings.

[eslint] 
src/components/EmployeeDashboard.js
  Line 7:3:    'FaCheckCircle' is defined but never used                                                                           no-unused-vars
  Line 11:3:   'FaHistory' is defined but never used                                                                               no-unused-vars
  Line 20:8:   'OnboardingStatus' is defined but never used                                                                        no-unused-vars
  Line 21:8:   'DocumentStatus' is defined but never used                                                                          no-unused-vars
  Line 30:10:  'employeeData' is assigned a value but never used                                                                   no-unused-vars
  Line 198:6:  React Hook useEffect has a missing dependency: 'fetchAttendance'. Either include it or remove the dependency array  react-hooks/exhaustive-deps

src/components/EmployeeExpenseHistory.js
  Line 6:11:  'user' is assigned a value but never used  no-unused-vars

src/components/EmployeeExpensePortal.js
  Line 28:9:  'activeTabData' is assigned a value but never used  no-unused-vars

Search for the keywords to learn more about each warning.
To ignore, add // eslint-disable-next-line to the line before.

WARNING in [eslint] 
src/components/EmployeeDashboard.js
  Line 7:3:    'FaCheckCircle' is defined but never used                                                                           no-unused-vars
  Line 11:3:   'FaHistory' is defined but never used                                                                               no-unused-vars
  Line 20:8:   'OnboardingStatus' is defined but never used                                                                        no-unused-vars
  Line 21:8:   'DocumentStatus' is defined but never used                                                                          no-unused-vars
  Line 30:10:  'employeeData' is assigned a value but never used                                                                   no-unused-vars
  Line 198:6:  React Hook useEffect has a missing dependency: 'fetchAttendance'. Either include it or remove the dependency array  react-hooks/exhaustive-deps

src/components/EmployeeExpenseHistory.js
  Line 6:11:  'user' is assigned a value but never used  no-unused-vars

src/components/EmployeeExpensePortal.js
  Line 28:9:  'activeTabData' is assigned a value but never used  no-unused-vars

webpack compiled with 1 warning
Compiling...
Compiled with warnings.

[eslint] 
src/components/EmployeeDashboard.js
  Line 7:3:    'FaCheckCircle' is defined but never used                                                                           no-unused-vars
  Line 11:3:   'FaHistory' is defined but never used                                                                               no-unused-vars
  Line 20:8:   'OnboardingStatus' is defined but never used                                                                        no-unused-vars
  Line 21:8:   'DocumentStatus' is defined but never used                                                                          no-unused-vars
  Line 30:10:  'employeeData' is assigned a value but never used                                                                   no-unused-vars
  Line 198:6:  React Hook useEffect has a missing dependency: 'fetchAttendance'. Either include it or remove the dependency array  react-hooks/exhaustive-deps

src/components/EmployeeExpenseHistory.js
  Line 6:11:  'user' is assigned a value but never used  no-unused-vars

Search for the keywords to learn more about each warning.
To ignore, add // eslint-disable-next-line to the line before.

WARNING in [eslint] 
src/components/EmployeeDashboard.js
  Line 7:3:    'FaCheckCircle' is defined but never used                                                                           no-unused-vars
  Line 11:3:   'FaHistory' is defined but never used                                                                               no-unused-vars
  Line 20:8:   'OnboardingStatus' is defined but never used                                                                        no-unused-vars
  Line 21:8:   'DocumentStatus' is defined but never used                                                                          no-unused-vars
  Line 30:10:  'employeeData' is assigned a value but never used                                                                   no-unused-vars
  Line 198:6:  React Hook useEffect has a missing dependency: 'fetchAttendance'. Either include it or remove the dependency array  react-hooks/exhaustive-deps

src/components/EmployeeExpenseHistory.js
  Line 6:11:  'user' is assigned a value but never used  no-unused-vars

webpack compiled with 1 warning
Compiling...
Compiled with warnings.

[eslint] 
src/components/EmployeeDashboard.js
  Line 7:3:    'FaCheckCircle' is defined but never used                                                                           no-unused-vars
  Line 11:3:   'FaHistory' is defined but never used                                                                               no-unused-vars
  Line 20:8:   'OnboardingStatus' is defined but never used                                                                        no-unused-vars
  Line 21:8:   'DocumentStatus' is defined but never used                                                                          no-unused-vars
  Line 30:10:  'employeeData' is assigned a value but never used                                                                   no-unused-vars
  Line 198:6:  React Hook useEffect has a missing dependency: 'fetchAttendance'. Either include it or remove the dependency array  react-hooks/exhaustive-deps

src/components/EmployeeExpenseHistory.js
  Line 2:10:  'useAuth' is defined but never used  no-unused-vars

Search for the keywords to learn more about each warning.
To ignore, add // eslint-disable-next-line to the line before.

WARNING in [eslint] 
src/components/EmployeeDashboard.js
  Line 7:3:    'FaCheckCircle' is defined but never used                                                                           no-unused-vars
  Line 11:3:   'FaHistory' is defined but never used                                                                               no-unused-vars
  Line 20:8:   'OnboardingStatus' is defined but never used                                                                        no-unused-vars
  Line 21:8:   'DocumentStatus' is defined but never used                                                                          no-unused-vars
  Line 30:10:  'employeeData' is assigned a value but never used                                                                   no-unused-vars
  Line 198:6:  React Hook useEffect has a missing dependency: 'fetchAttendance'. Either include it or remove the dependency array  react-hooks/exhaustive-deps

src/components/EmployeeExpenseHistory.js
  Line 2:10:  'useAuth' is defined but never used  no-unused-vars

webpack compiled with 1 warning
Compiling...
Compiled with warnings.

[eslint] 
src/components/EmployeeDashboard.js
  Line 7:3:    'FaCheckCircle' is defined but never used                                                                           no-unused-vars
  Line 11:3:   'FaHistory' is defined but never used                                                                               no-unused-vars
  Line 20:8:   'OnboardingStatus' is defined but never used                                                                        no-unused-vars
  Line 21:8:   'DocumentStatus' is defined but never used                                                                          no-unused-vars
  Line 30:10:  'employeeData' is assigned a value but never used                                                                   no-unused-vars
  Line 198:6:  React Hook useEffect has a missing dependency: 'fetchAttendance'. Either include it or remove the dependency array  react-hooks/exhaustive-deps

src/components/EmployeeExpenseHistory.js
  Line 2:10:  'useAuth' is defined but never used  no-unused-vars

Search for the keywords to learn more about each warning.
To ignore, add // eslint-disable-next-line to the line before.

WARNING in [eslint] 
src/components/EmployeeDashboard.js
  Line 7:3:    'FaCheckCircle' is defined but never used                                                                           no-unused-vars
  Line 11:3:   'FaHistory' is defined but never used                                                                               no-unused-vars
  Line 20:8:   'OnboardingStatus' is defined but never used                                                                        no-unused-vars
  Line 21:8:   'DocumentStatus' is defined but never used                                                                          no-unused-vars
  Line 30:10:  'employeeData' is assigned a value but never used                                                                   no-unused-vars
  Line 198:6:  React Hook useEffect has a missing dependency: 'fetchAttendance'. Either include it or remove the dependency array  react-hooks/exhaustive-deps

src/components/EmployeeExpenseHistory.js
  Line 2:10:  'useAuth' is defined but never used  no-unused-vars

webpack compiled with 1 warning
